<?xml version="1.0" encoding="UTF-8"?>
<!-- Generated by org.testng.reporters.JUnitReportReporter -->
<testsuite hostname="AlinU" name="Tests.LoginTest" tests="1" failures="0" timestamp="10 Oct 2016 13:46:43 GMT" time="10.565" errors="0">
  <testcase name="loginTest" time="10.565" classname="Tests.LoginTest"/>
</testsuite> <!-- Tests.LoginTest -->
