<?xml version="1.0" encoding="UTF-8"?>
<!-- Generated by org.testng.reporters.JUnitReportReporter -->
<testsuite hostname="AlinU" name="Tests.LoginTest" tests="1" failures="0" timestamp="10 Oct 2016 13:12:50 GMT" time="10.499" errors="0">
  <testcase name="loginTest" time="10.499" classname="Tests.LoginTest"/>
</testsuite> <!-- Tests.LoginTest -->
